빌드 시작: 2013-05-17 오후 8:07:18
     1>2 노드의 "D:\C++ Projects\opznet\opznet\opznet-client\opznet-client.vcxproj" 프로젝트(Build 대상)입니다.
     1>ClCompile:
         D:\Program Files (x86)\Microsoft Visual Studio 11.0\VC\bin\CL.exe /c /ZI /nologo /W3 /WX- /Od /Oy- /D _USING_V110_SDK71_ /D _WINDLL /D _UNICODE /D UNICODE /Gm /EHsc /RTC1 /MDd /GS /fp:precise /Zc:wchar_t /Zc:forScope /Fo"Debug\\" /Fd"Debug\vc110.pdb" /Gd /TP /analyze- /errorReport:prompt ..\src\client\NetThread.cpp
         NetThread.cpp
       Link:
         D:\Program Files (x86)\Microsoft Visual Studio 11.0\VC\bin\link.exe /ERRORREPORT:PROMPT /OUT:"D:\C++ Projects\opznet\\opznet\lib\opznet-client-d.dll" /INCREMENTAL /NOLOGO kernel32.lib user32.lib gdi32.lib winspool.lib comdlg32.lib advapi32.lib shell32.lib ole32.lib oleaut32.lib uuid.lib odbc32.lib odbccp32.lib /MANIFEST /MANIFESTUAC:"level='asInvoker' uiAccess='false'" /manifest:embed /DEBUG /PDB:"D:\C++ Projects\opznet\\opznet\lib\opznet-client-d.pdb" /TLBID:1 /DYNAMICBASE /NXCOMPAT /IMPLIB:"D:\C++ Projects\opznet\\opznet\lib\opznet-client-d.lib" /MACHINE:X86 /DLL Debug\broadcast.obj
         Debug\client.obj
         Debug\ClientClock.obj
         Debug\NetThread.obj
         Debug\ServerFinderThread.obj
         Debug\HeaderDef.obj
         Debug\packet.obj
         Debug\Thread.obj
         opznet-client.vcxproj -> D:\C++ Projects\opznet\\opznet\lib\opznet-client-d.dll
       PostBuildEvent:
         copy ..\lib\opznet-client-d.dll ..\..\example\Debug\
         :VCEnd
                 1개 파일이 복사되었습니다.
     1>"D:\C++ Projects\opznet\opznet\opznet-client\opznet-client.vcxproj" 프로젝트를 빌드했습니다(Build 대상).

빌드했습니다.

경과 시간: 00:00:05.20
