빌드 시작: 2013-05-17 오후 8:08:23
     1>2 노드의 "D:\C++ Projects\opznet\opznet\opznet-client\opznet-client.vcxproj" 프로젝트(Build 대상)입니다.
     1>ClCompile:
         D:\Program Files (x86)\Microsoft Visual Studio 11.0\VC\bin\CL.exe /c /Zi /nologo /W3 /WX- /O2 /Oi /Oy- /GL /D _USING_V110_SDK71_ /D _WINDLL /D _UNICODE /D UNICODE /Gm- /EHsc /MD /GS /Gy /fp:precise /Zc:wchar_t /Zc:forScope /Fo"Release\\" /Fd"Release\vc110.pdb" /Gd /TP /analyze- /errorReport:prompt ..\src\client\NetThread.cpp ..\src\client\client.cpp
         NetThread.cpp
         client.cpp
       Link:
         D:\Program Files (x86)\Microsoft Visual Studio 11.0\VC\bin\link.exe /ERRORREPORT:PROMPT /OUT:"D:\C++ Projects\opznet\\opznet\lib\opznet-client.dll" /NOLOGO kernel32.lib user32.lib gdi32.lib winspool.lib comdlg32.lib advapi32.lib shell32.lib ole32.lib oleaut32.lib uuid.lib odbc32.lib odbccp32.lib /MANIFEST /MANIFESTUAC:"level='asInvoker' uiAccess='false'" /manifest:embed /DEBUG /PDB:"D:\C++ Projects\opznet\\opznet\lib\opznet-client.pdb" /OPT:REF /OPT:ICF /LTCG /TLBID:1 /DYNAMICBASE /NXCOMPAT /IMPLIB:"D:\C++ Projects\opznet\\opznet\lib\opznet-client.lib" /MACHINE:X86 /SAFESEH /DLL Release\broadcast.obj
         Release\client.obj
         Release\ClientClock.obj
         Release\NetThread.obj
         Release\ServerFinderThread.obj
         Release\HeaderDef.obj
         Release\packet.obj
         Release\Thread.obj
            D:\C++ Projects\opznet\\opznet\lib\opznet-client.lib 라이브러리 및 D:\C++ Projects\opznet\\opznet\lib\opznet-client.exp 개체를 생성하고 있습니다.
         코드를 생성하고 있습니다.
         코드를 생성했습니다.
         opznet-client.vcxproj -> D:\C++ Projects\opznet\\opznet\lib\opznet-client.dll
       PostBuildEvent:
         copy ..\lib\opznet-client.dll ..\..\example\Release\
         :VCEnd
                 1개 파일이 복사되었습니다.
     1>"D:\C++ Projects\opznet\opznet\opznet-client\opznet-client.vcxproj" 프로젝트를 빌드했습니다(Build 대상).

빌드했습니다.

경과 시간: 00:00:09.07
